This is pdfTeX, Version 3.1415926-1.40.11 (TeX Live 2010) (format=mex 2010.11.28)  13 APR 2012 12:30
entering extended mode
 restricted \write18 enabled.
 %&-line parsing enabled.
**nca.cc
(./nca.cc
This is MeX  Version 1.05  18 XII 1993  (B. Jackowski & M. Ry\'cko)
! You can't use `macro parameter character #' in vertical mode.
l.11 #
      include <string.h>
? 
! You can't use `macro parameter character #' in horizontal mode.
l.12 #
      include <math.h>
? 
! You can't use `macro parameter character #' in horizontal mode.
l.13 #
      include <mex.h>
? 

Overfull \hbox (2.33981pt too wide) in paragraph at lines 32--39
[]\tenrm // get ar-gu-ments do-uble* A = mxGetPr(prhs[0]); int ID = mxGetN(prhs
[0]); int OD = mxGetM(prhs[0]);|

\hbox(7.5+2.5)x469.75499, glue set - 1.0
.\hbox(0.0+0.0)x20.0
.\tenrm /
.\tenrm /
.\glue 3.33333 plus 1.66666 minus 1.11111
.\tenrm g
.etc.

! You can't use `macro parameter character #' in horizontal mode.
l.42 ...prhs[2]) != N) { mexErrMsgTxt("different #
                                                  of class labels (Y) and po...

? lcoate^^[^^[\edn
Type <return> to proceed, S to scroll future error messages,
R to run without stopping, Q to run quietly,
I to insert something, E to edit your file,
1 or ... or 9 to ignore the next 1 to 9 tokens of input,
H for help, X to quit.
? \end
Type <return> to proceed, S to scroll future error messages,
R to run without stopping, Q to run quietly,
I to insert something, E to edit your file,
1 or ... or 9 to ignore the next 1 to 9 tokens of input,
H for help, X to quit.
? X
No pages of output.
